e:\andrey\r\retto\project1\x64\debug\vc143.pdb
e:\andrey\r\retto\project1\x64\debug\vc143.idb
e:\andrey\r\retto\project1\x64\debug\main.obj
e:\andrey\r\retto\project1\x64\debug\core.obj
e:\andrey\r\retto\project1\x64\debug\project1.ilk
e:\andrey\r\retto\project1\x64\debug\retto.tlog\cl.command.1.tlog
e:\andrey\r\retto\project1\x64\debug\retto.tlog\cl.items.tlog
e:\andrey\r\retto\project1\x64\debug\retto.tlog\cl.read.1.tlog
e:\andrey\r\retto\project1\x64\debug\retto.tlog\cl.write.1.tlog
e:\andrey\r\retto\project1\x64\debug\retto.tlog\link-cvtres.read.1.tlog
e:\andrey\r\retto\project1\x64\debug\retto.tlog\link-cvtres.write.1.tlog
e:\andrey\r\retto\project1\x64\debug\retto.tlog\link-rc.read.1.tlog
e:\andrey\r\retto\project1\x64\debug\retto.tlog\link-rc.write.1.tlog
e:\andrey\r\retto\project1\x64\debug\retto.tlog\link.12124-cvtres.read.1.tlog
e:\andrey\r\retto\project1\x64\debug\retto.tlog\link.12124-cvtres.write.1.tlog
e:\andrey\r\retto\project1\x64\debug\retto.tlog\link.12124-rc.read.1.tlog
e:\andrey\r\retto\project1\x64\debug\retto.tlog\link.12124-rc.write.1.tlog
e:\andrey\r\retto\project1\x64\debug\retto.tlog\link.12124.read.1.tlog
e:\andrey\r\retto\project1\x64\debug\retto.tlog\link.12124.read.2.tlog
e:\andrey\r\retto\project1\x64\debug\retto.tlog\link.12124.write.1.tlog
e:\andrey\r\retto\project1\x64\debug\retto.tlog\link.command.1.tlog
e:\andrey\r\retto\project1\x64\debug\retto.tlog\link.read.1.tlog
e:\andrey\r\retto\project1\x64\debug\retto.tlog\link.read.2.tlog
e:\andrey\r\retto\project1\x64\debug\retto.tlog\link.write.1.tlog
